<?xml version="1.0" encoding="UTF-8"?>
<testng-results ignored="0" total="5" passed="5" failed="0" skipped="0">
  <reporter-output>
  </reporter-output>
  <suite started-at="2025-09-27T18:29:54 IST" name="Surefire suite" finished-at="2025-09-27T18:29:59 IST" duration-ms="5285">
    <groups>
      <group name="cucumber">
        <method signature="AbstractTestNGCucumberTests.runScenario(io.cucumber.testng.PickleWrapper,io.cucumber.testng.FeatureWrapper)[pri:0, instance:com.api.runners.TestRunner@49b0b76]" name="runScenario" class="io.cucumber.testng.AbstractTestNGCucumberTests"/>
      </group> <!-- cucumber -->
    </groups>
    <test started-at="2025-09-27T18:29:54 IST" name="Surefire test" finished-at="2025-09-27T18:29:59 IST" duration-ms="5285">
      <class name="com.api.runners.TestRunner">
        <test-method is-config="true" signature="setUpClass(org.testng.ITestContext)[pri:0, instance:com.api.runners.TestRunner@49b0b76]" started-at="2025-09-27T18:29:54 IST" name="setUpClass" finished-at="2025-09-27T18:29:55 IST" duration-ms="732" status="PASS">
          <params>
            <param index="0">
              <value>
                <![CDATA[org.testng.TestRunner@2c8a445b]]>
              </value>
            </param>
          </params>
          <reporter-output>
          </reporter-output>
        </test-method> <!-- setUpClass -->
        <test-method signature="runScenario(io.cucumber.testng.PickleWrapper,io.cucumber.testng.FeatureWrapper)[pri:0, instance:com.api.runners.TestRunner@49b0b76]" started-at="2025-09-27T18:29:55 IST" name="runScenario" description="Runs Cucumber Scenarios" data-provider="scenarios" finished-at="2025-09-27T18:29:56 IST" duration-ms="1810" status="PASS">
          <params>
            <param index="0">
              <value>
                <![CDATA["Get a post"]]>
              </value>
            </param>
            <param index="1">
              <value>
                <![CDATA["JSONPlaceholder API CRUD Tests"]]>
              </value>
            </param>
          </params>
          <reporter-output>
          </reporter-output>
        </test-method> <!-- runScenario -->
        <test-method signature="runScenario(io.cucumber.testng.PickleWrapper,io.cucumber.testng.FeatureWrapper)[pri:0, instance:com.api.runners.TestRunner@49b0b76]" started-at="2025-09-27T18:29:56 IST" name="runScenario" description="Runs Cucumber Scenarios" data-provider="scenarios" finished-at="2025-09-27T18:29:57 IST" duration-ms="636" status="PASS">
          <params>
            <param index="0">
              <value>
                <![CDATA["Create a new post"]]>
              </value>
            </param>
            <param index="1">
              <value>
                <![CDATA["JSONPlaceholder API CRUD Tests"]]>
              </value>
            </param>
          </params>
          <reporter-output>
          </reporter-output>
        </test-method> <!-- runScenario -->
        <test-method signature="runScenario(io.cucumber.testng.PickleWrapper,io.cucumber.testng.FeatureWrapper)[pri:0, instance:com.api.runners.TestRunner@49b0b76]" started-at="2025-09-27T18:29:57 IST" name="runScenario" description="Runs Cucumber Scenarios" data-provider="scenarios" finished-at="2025-09-27T18:29:58 IST" duration-ms="782" status="PASS">
          <params>
            <param index="0">
              <value>
                <![CDATA["Update a post with PUT"]]>
              </value>
            </param>
            <param index="1">
              <value>
                <![CDATA["JSONPlaceholder API CRUD Tests"]]>
              </value>
            </param>
          </params>
          <reporter-output>
          </reporter-output>
        </test-method> <!-- runScenario -->
        <test-method signature="runScenario(io.cucumber.testng.PickleWrapper,io.cucumber.testng.FeatureWrapper)[pri:0, instance:com.api.runners.TestRunner@49b0b76]" started-at="2025-09-27T18:29:58 IST" name="runScenario" description="Runs Cucumber Scenarios" data-provider="scenarios" finished-at="2025-09-27T18:29:58 IST" duration-ms="521" status="PASS">
          <params>
            <param index="0">
              <value>
                <![CDATA["Partially update a post with PATCH"]]>
              </value>
            </param>
            <param index="1">
              <value>
                <![CDATA["JSONPlaceholder API CRUD Tests"]]>
              </value>
            </param>
          </params>
          <reporter-output>
          </reporter-output>
        </test-method> <!-- runScenario -->
        <test-method signature="runScenario(io.cucumber.testng.PickleWrapper,io.cucumber.testng.FeatureWrapper)[pri:0, instance:com.api.runners.TestRunner@49b0b76]" started-at="2025-09-27T18:29:58 IST" name="runScenario" description="Runs Cucumber Scenarios" data-provider="scenarios" finished-at="2025-09-27T18:29:59 IST" duration-ms="503" status="PASS">
          <params>
            <param index="0">
              <value>
                <![CDATA["Delete a post"]]>
              </value>
            </param>
            <param index="1">
              <value>
                <![CDATA["JSONPlaceholder API CRUD Tests"]]>
              </value>
            </param>
          </params>
          <reporter-output>
          </reporter-output>
        </test-method> <!-- runScenario -->
        <test-method is-config="true" signature="tearDownClass()[pri:0, instance:com.api.runners.TestRunner@49b0b76]" started-at="2025-09-27T18:29:59 IST" name="tearDownClass" finished-at="2025-09-27T18:29:59 IST" duration-ms="256" status="PASS">
          <reporter-output>
          </reporter-output>
        </test-method> <!-- tearDownClass -->
      </class> <!-- com.api.runners.TestRunner -->
    </test> <!-- Surefire test -->
  </suite> <!-- Surefire suite -->
</testng-results>
