<?xml version="1.0" encoding="UTF-8"?>
<testsuite xmlns:xsi="http://www.w3.org/2001/XMLSchema-instance" xsi:noNamespaceSchemaLocation="https://maven.apache.org/surefire/maven-surefire-plugin/xsd/surefire-test-report-3.0.xsd" version="3.0" name="com.api.runners.TestRunner" time="5.747" tests="5" errors="0" skipped="0" failures="0">
  <properties>
[...]
</properties>
  <testcase name="runScenario[&quot;Get a post&quot;, &quot;JSONPlaceholder API CRUD Tests&quot;](1)" classname="com.api.runners.TestRunner" time="1.812">
    <system-out><![CDATA[
Scenario: Get a post                          # src/test/resources/features/JsonPlaceholder.feature:3
  When I send a GET request to "/posts/1"     # com.api.stepdefinitions.JsonApiSteps.iSendAGetRequestTo(java.lang.String)
  Then the response status code should be 200 # com.api.stepdefinitions.JsonApiSteps.theResponseStatusCodeShouldBe(int)
  And the response should contain "userId"    # com.api.stepdefinitions.JsonApiSteps.theResponseShouldContain(java.lang.String)
]]></system-out>
    <system-err><![CDATA[SLF4J: Failed to load class "org.slf4j.impl.StaticLoggerBinder".
SLF4J: Defaulting to no-operation (NOP) logger implementation
SLF4J: See http://www.slf4j.org/codes.html#StaticLoggerBinder for further details.
]]></system-err>
  </testcase>
  <testcase name="runScenario[&quot;Create a new post&quot;, &quot;JSONPlaceholder API CRUD Tests&quot;](2)" classname="com.api.runners.TestRunner" time="0.654">
    <system-out><![CDATA[
Scenario: Create a new post                         # src/test/resources/features/JsonPlaceholder.feature:8
  When I send a POST request to "/posts" with body: # com.api.stepdefinitions.JsonApiSteps.iSendAPostRequestToWithBody(java.lang.String,java.lang.String)
  Then the response status code should be 201       # com.api.stepdefinitions.JsonApiSteps.theResponseStatusCodeShouldBe(int)
  And the response should contain "id"              # com.api.stepdefinitions.JsonApiSteps.theResponseShouldContain(java.lang.String)
]]></system-out>
  </testcase>
  <testcase name="runScenario[&quot;Update a post with PUT&quot;, &quot;JSONPlaceholder API CRUD Tests&quot;](3)" classname="com.api.runners.TestRunner" time="0.781">
    <system-out><![CDATA[
Scenario: Update a post with PUT                     # src/test/resources/features/JsonPlaceholder.feature:16
  When I send a PUT request to "/posts/1" with body: # com.api.stepdefinitions.JsonApiSteps.iSendAPutRequestToWithBody(java.lang.String,java.lang.String)
  Then the response status code should be 200        # com.api.stepdefinitions.JsonApiSteps.theResponseStatusCodeShouldBe(int)
  And the response should contain "updated title"    # com.api.stepdefinitions.JsonApiSteps.theResponseShouldContain(java.lang.String)
]]></system-out>
  </testcase>
  <testcase name="runScenario[&quot;Partially update a post with PATCH&quot;, &quot;JSONPlaceholder API CRUD Tests&quot;](4)" classname="com.api.runners.TestRunner" time="0.512">
    <system-out><![CDATA[
Scenario: Partially update a post with PATCH           # src/test/resources/features/JsonPlaceholder.feature:24
  When I send a PATCH request to "/posts/1" with body: # com.api.stepdefinitions.JsonApiSteps.iSendAPatchRequestToWithBody(java.lang.String,java.lang.String)
  Then the response status code should be 200          # com.api.stepdefinitions.JsonApiSteps.theResponseStatusCodeShouldBe(int)
  And the response should contain "patched title"      # com.api.stepdefinitions.JsonApiSteps.theResponseShouldContain(java.lang.String)
]]></system-out>
  </testcase>
  <testcase name="runScenario[&quot;Delete a post&quot;, &quot;JSONPlaceholder API CRUD Tests&quot;](5)" classname="com.api.runners.TestRunner" time="0.547">
    <system-out><![CDATA[
Scenario: Delete a post                       # src/test/resources/features/JsonPlaceholder.feature:32
  When I send a DELETE request to "/posts/1"  # com.api.stepdefinitions.JsonApiSteps.iSendADeleteRequestTo(java.lang.String)
  Then the response status code should be 200 # com.api.stepdefinitions.JsonApiSteps.theResponseStatusCodeShouldBe(int)
]]></system-out>
  </testcase>
</testsuite>