<?xml version="1.0" encoding="UTF-8"?>
<!-- Generated by org.testng.reporters.JUnitReportReporter -->
<testsuite hostname="AmanRaja" failures="0" tests="5" name="com.api.runners.TestRunner" time="4.252" errors="0" timestamp="2025-09-27T18:29:59 IST" skipped="0">
  <testcase classname="com.api.runners.TestRunner" name="runScenario" time="0.503"/>
  <testcase classname="com.api.runners.TestRunner" name="runScenario" time="1.810"/>
  <testcase classname="com.api.runners.TestRunner" name="runScenario" time="0.521"/>
  <testcase classname="com.api.runners.TestRunner" name="runScenario" time="0.636"/>
  <testcase classname="com.api.runners.TestRunner" name="runScenario" time="0.782"/>
</testsuite> <!-- com.api.runners.TestRunner -->
